<?xml version="1.0" encoding="UTF-8"?>
<!-- Generated by org.testng.reporters.JUnitReportReporter -->
<testsuite hostname="DESKTOP-47D6S62" failures="0" tests="2" name="com.testNG.HomePage" time="1.386" errors="0" timestamp="2024-07-16T08:45:11 IST" skipped="0">
  <testcase classname="com.testNG.HomePage" name="verify_logo" time="1.347"/>
  <testcase classname="com.testNG.HomePage" name="verify_title" time="0.039"/>
</testsuite> <!-- com.testNG.HomePage -->
