<?xml version="1.0" encoding="UTF-8"?>
<!-- Generated by org.testng.reporters.JUnitReportReporter -->
<testsuite hostname="DESKTOP-47D6S62" failures="0" tests="3" name="com.testNG.LaunchBrowser" time="7.521" errors="0" timestamp="2024-07-16T23:26:00 IST" skipped="0">
  <testcase classname="com.testNG.LaunchBrowser" name="launch" time="7.495"/>
  <testcase classname="com.testNG.LaunchBrowser" name="add" time="0.015"/>
  <testcase classname="com.testNG.LaunchBrowser" name="print" time="0.011"/>
</testsuite> <!-- com.testNG.LaunchBrowser -->
